2021-03-03 08:56:00.580 CET [8235] db= LOG:  démarrage de PostgreSQL 13.1 ON x86_64-pc-linux-gnu, compiled BY gcc (GCC) 10.2.0, 64-BIT
2021-03-03 08:56:00.580 CET [8235] db= LOG:  en écoute sur IPv4, adresse « 0.0.0.0 », port 5432
2021-03-03 08:56:00.580 CET [8235] db= LOG:  en écoute sur IPv6, adresse « :: », port 5432
2021-03-03 08:56:00.586 CET [8235] db= LOG:  écoute sur la socket Unix « /run/postgresql/.s.PGSQL.5432 »
2021-03-03 08:56:00.598 CET [8237] db= LOG:  le système de bases de données a été arrêté à 2021-03-03 08:55:40 CET
2021-03-03 08:56:00.614 CET [8235] db= LOG:  le système de bases de données est prêt pour accepter les connexions
2021-03-03 08:56:08.338 CET [8248] db=grafana LOG:  instruction : SELECT * FROM alert
2021-03-03 08:56:18.332 CET [8248] db=grafana LOG:  instruction : SELECT * FROM alert
2021-03-03 08:56:28.332 CET [8248] db=grafana LOG:  instruction : SELECT * FROM alert
2021-03-03 08:56:38.332 CET [8248] db=grafana LOG:  instruction : SELECT * FROM alert
2021-03-03 08:56:38.332 CET [8248] db=grafana LOG:  instruction : SELECT * FROM alert2
2022-12-03 23:36:00.580 CET [8235] db= LOG:  démarrage de PostgreSQL 13.1 ON x86_64-pc-linux-gnu, compiled BY gcc (GCC) 10.2.0, 64-BIT
2022-12-03 23:36:00.580 CET [8235] db= LOG:  en écoute sur IPv4, adresse « 0.0.0.0 », port 5432
2022-12-03 23:36:00.580 CET [8235] db= LOG:  en écoute sur IPv6, adresse « :: », port 5432
2022-12-03 23:36:00.586 CET [8235] db= LOG:  écoute sur la socket Unix « /run/postgresql/.s.PGSQL.5432 »
2022-12-03 23:36:00.598 CET [8237] db= LOG:  le système de bases de données a été arrêté à 2021-03-03 08:55:40 CET
2022-12-03 23:36:00.614 CET [8235] db= LOG:  le système de bases de données est prêt pour accepter les connexions
2022-12-03 23:36:08.338 CET [8248] db=grafana LOG:  instruction : SELECT * FROM alert
2022-12-03 23:36:18.332 CET [8248] db=grafana LOG:  instruction : SELECT * FROM alert
2022-12-03 23:36:28.332 CET [8248] db=grafana LOG:  instruction : SELECT * FROM alert
2022-12-03 23:36:38.332 CET [8248] db=grafana LOG:  instruction : SELECT * FROM alert
2022-12-03 23:36:38.332 CET [8248] db=grafana LOG:  instruction : SELECT * FROM alert2
2022-12-03 23:36:00.614 CET [8235] LOG:  le système de bases de données est prêt pour accepter les connexions
2021-03-03 08:56:00.580 CET [8235] db= LOG:  démarrage de PostgreSQL 13.1 ON x86_64-pc-linux-gnu, compiled BY gcc (GCC) 10.2.0, 64-BIT
2021-03-03 08:56:00.580 CET [8235] db= LOG:  en écoute sur IPv4, adresse « 0.0.0.0 », port 5432
2021-03-03 08:56:00.580 CET [8235] db= LOG:  en écoute sur IPv6, adresse « :: », port 5432
2021-03-03 08:56:00.586 CET [8235] db= LOG:  écoute sur la socket Unix « /run/postgresql/.s.PGSQL.5432 »
2021-03-03 08:56:00.598 CET [8237] db= LOG:  le système de bases de données a été arrêté à 2021-03-03 08:55:40 CET
2021-03-03 08:56:00.614 CET [8235] db= LOG:  le système de bases de données est prêt pour accepter les connexions
2021-03-03 08:56:08.338 CET [8248] LOG:  instruction : SELECT * FROM alert
2021-03-03 08:56:18.332 CET [8248] LOG:  instruction : SELECT * FROM alert
2021-03-03 08:56:28.332 CET [8248] LOG:  instruction : SELECT * FROM alert
2021-03-03 08:56:38.332 CET [8248] LOG:  instruction : SELECT * FROM alert
2021-03-03 08:56:38.332 CET [8248] LOG:  instruction : SELECT * FROM alert2
2022-12-03 23:36:00.580 CET [8235] LOG:  démarrage de PostgreSQL 13.1 ON x86_64-pc-linux-gnu, compiled BY gcc (GCC) 10.2.0, 64-BIT
2022-12-03 23:36:00.580 CET [8235] LOG:  en écoute sur IPv4, adresse « 0.0.0.0 », port 5432
2022-12-03 23:36:00.580 CET [8235] LOG:  en écoute sur IPv6, adresse « :: », port 5432
2022-12-03 23:36:00.586 CET [8235] LOG:  écoute sur la socket Unix « /run/postgresql/.s.PGSQL.5432 »
2022-12-03 23:36:00.598 CET [8237] LOG:  le système de bases de données a été arrêté à 2021-03-03 08:55:40 CET
2022-12-03 23:36:00.614 CET [8235] LOG:  le système de bases de données est prêt pour accepter les connexions
2022-12-03 23:36:08.338 CET [8248] LOG:  instruction : SELECT * FROM alert
2022-12-03 23:36:18.332 CET [8248] LOG:  instruction : SELECT * FROM alert
2022-12-03 23:36:28.332 CET [8248] LOG:  instruction : SELECT * FROM alert
2022-12-03 23:36:38.332 CET [8248] LOG:  instruction : SELECT * FROM alert
2022-12-03 23:36:38.332 CET [8248] LOG:  instruction : SELECT * FROM alert2
2022-12-03 23:36:00.614 CET [8235] LOG:  le système de bases de données est prêt pour accepter les connexions
2022-12-03 23:55:00.614 CET [8235] LOG:  my test message
2022-12-03 23:55:00.614 CET [8235] LOG:  my test message 2
2022-12-03 23:55:00.700 CET [8235] LOG:  my test message 2
2022-12-03 23:55:00.800 CET [8235] LOG:  my test message 3
2022-12-03 23:55:01.800 CET [8235] LOG:  my test message 4
2022-12-03 23:55:00.800 CET [8235] LOG:  my test message 5
2022-12-03 23:55:00.800 CET [8235] LOG:  my test message 3
2022-12-03 23:55:00.800 CET [8235] LOG:  my test message 3
2022-12-03 23:55:00.800 CET [8235] LOG:  my test message 3
2022-12-03 23:55:00.800 CET [8235] FATAL:  my test message 3
2022-12-03 23:55:00.800 CET [8235] FATAL:  my test message 3
2022-12-03 23:55:00.800 CET [8235] FATAL:  my test message 3
2022-12-03 23:55:00.800 CET [118235] FATAL:  my test message 3
2022-12-03 23:55:00.800 CET [118235] FATAL:  my test message 3
2022-12-03 23:55:00.800 CET [8235] FATAL:  my test message 3
2022-12-03 23:55:00.800 CET [8235] FATAL:  my test message 3
2022-12-03 23:55:00.800 CET [118235] FATAL:  my test message 3
2022-12-03 23:55:00.800 CET [118235] FATAL:  my test message 3
2022-12-03 23:55:00.800 CET [8235] FATAL:  my test message 3
2022-12-03 23:55:00.800 CET [8235] FATAL:  my test message 3
2022-12-03 23:55:00.800 CET [118235] FATAL:  my test message 3
2022-12-03 23:55:00.800 CET [118235] FATAL:  my test message 3
2022-12-03 23:55:00.800 CET [8235] FATAL:  my test message 3
2022-12-03 23:55:00.800 CET [8235] FATAL:  my test message 3
2022-12-03 23:55:00.800 CET [118235] FATAL:  my test message 3
2022-12-03 23:55:00.800 CET [118235] FATAL:  time test
2022-12-03 23:55:00.800 CET [118235] FATAL:  time test
2022-12-04 00:24:00.800 MSK [118235] FATAL:  time test
2022-12-04 00:24:00.800 MSK [118235] FATAL:  time test
2022-12-04 00:24:00.800 MSK [118235] FATAL:  time test
2022-12-04 00:24:00.800 MSK [118235] FATAL:  time test
2022-12-04 00:44:00.800 MSK [118235] time:  time msk test
2022-12-04 00:45:00.800 MSK [118235] time:  time msk test
2022-12-04 00:46:00.800 MSK [118235] time:  time msk test
2022-12-04 00:46:00.800 MSK [118235] ERROR:  Final test
2022-12-04 00:50:00.800 MSK [118235] ERROR:  Final test
2022-12-04 00:50:00.800 MSK [118235] ERROR:  Final2 test
